<?xml version="1.0" encoding="UTF-8"?>
<!-- Generated by org.testng.reporters.JUnitReportReporter -->
<testsuite hostname="mounicaponnam" failures="0" tests="1" name="sample.sample.FirstTest" time="17.692" errors="0" timestamp="2023-04-14T07:24:32 EDT" skipped="0">
  <testcase classname="sample.sample.FirstTest" name="third" time="17.692"/>
  <system-out/>
</testsuite> <!-- sample.sample.FirstTest -->
